[debug] [2023-06-23T21:06:56.144Z] ----------------------------------------------------------------------
[debug] [2023-06-23T21:06:56.145Z] Command:       C:\Program Files\nodejs\node.exe C:\Users\Andrew Magdy\AppData\Roaming\npm\node_modules\firebase-tools\lib\bin\firebase.js init
[debug] [2023-06-23T21:06:56.146Z] CLI Version:   11.27.0
[debug] [2023-06-23T21:06:56.146Z] Platform:      win32
[debug] [2023-06-23T21:06:56.146Z] Node Version:  v18.12.0
[debug] [2023-06-23T21:06:56.147Z] Time:          Fri Jun 23 2023 23:06:56 GMT+0200 (Eastern European Standard Time)
[debug] [2023-06-23T21:06:56.147Z] ----------------------------------------------------------------------
[debug] 
[debug] [2023-06-23T21:06:56.153Z] > command requires scopes: ["email","openid","https://www.googleapis.com/auth/cloudplatformprojects.readonly","https://www.googleapis.com/auth/firebase","https://www.googleapis.com/auth/cloud-platform"]
[debug] [2023-06-23T21:06:56.153Z] > authorizing via signed-in user (andrewkamaliskander01@gmail.com)
[info] 
     ######## #### ########  ######## ########     ###     ######  ########
     ##        ##  ##     ## ##       ##     ##  ##   ##  ##       ##
     ######    ##  ########  ######   ########  #########  ######  ######
     ##        ##  ##    ##  ##       ##     ## ##     ##       ## ##
     ##       #### ##     ## ######## ########  ##     ##  ######  ########

You're about to initialize a Firebase project in this directory:

  C:\AndrewMagdy\AngularProj\E3dadyScoringSys

Before we get started, keep in mind:

  * You are currently outside your home directory

[info] 
=== Project Setup
[info] 
[info] First, let's associate this project directory with a Firebase project.
[info] You can create multiple project aliases by running firebase use --add, 
[info] but for now we'll just set up a default project.
[info] 
[debug] [2023-06-23T21:08:25.524Z] >>> [apiv2][query] GET https://firebase.googleapis.com/v1beta1/projects pageSize=100
[debug] [2023-06-23T21:08:27.382Z] <<< [apiv2][status] GET https://firebase.googleapis.com/v1beta1/projects 200
[debug] [2023-06-23T21:08:27.383Z] <<< [apiv2][body] GET https://firebase.googleapis.com/v1beta1/projects [omitted]
[info] i  Using project e3dadyscoringsys (E3dadyScoringSys) 
[info] 
=== Database Setup
[info] i  database: ensuring required API firebasedatabase.googleapis.com is enabled... 
[debug] [2023-06-23T21:08:28.663Z] >>> [apiv2][query] GET https://serviceusage.googleapis.com/v1/projects/e3dadyscoringsys/services/firebasedatabase.googleapis.com [none]
[debug] [2023-06-23T21:08:28.663Z] >>> [apiv2][(partial)header] GET https://serviceusage.googleapis.com/v1/projects/e3dadyscoringsys/services/firebasedatabase.googleapis.com x-goog-quota-user=projects/e3dadyscoringsys
[debug] [2023-06-23T21:08:30.849Z] <<< [apiv2][status] GET https://serviceusage.googleapis.com/v1/projects/e3dadyscoringsys/services/firebasedatabase.googleapis.com 200
[debug] [2023-06-23T21:08:30.849Z] <<< [apiv2][body] GET https://serviceusage.googleapis.com/v1/projects/e3dadyscoringsys/services/firebasedatabase.googleapis.com [omitted]
[info] +  database: required API firebasedatabase.googleapis.com is enabled 
[info] 
[debug] [2023-06-23T21:08:30.850Z] >>> [apiv2][query] GET https://firebase.googleapis.com/v1beta1/projects/e3dadyscoringsys [none]
[debug] [2023-06-23T21:08:31.249Z] <<< [apiv2][status] GET https://firebase.googleapis.com/v1beta1/projects/e3dadyscoringsys 200
[debug] [2023-06-23T21:08:31.249Z] <<< [apiv2][body] GET https://firebase.googleapis.com/v1beta1/projects/e3dadyscoringsys {"projectId":"e3dadyscoringsys","projectNumber":"246068229191","displayName":"E3dadyScoringSys","name":"projects/e3dadyscoringsys","resources":{"hostingSite":"e3dadyscoringsys","storageBucket":"e3dadyscoringsys.appspot.com","locationId":"us-central"},"state":"ACTIVE","etag":"1_9f3b130b-95df-4885-a298-1622764c8dcb"}
[debug] [2023-06-23T21:08:43.565Z] >>> [apiv2][query] POST https://firebasedatabase.googleapis.com/v1beta/projects/e3dadyscoringsys/locations/us-central1/instances databaseId=e3dadyscoringsys-default-rtdb&validateOnly=true
[debug] [2023-06-23T21:08:43.565Z] >>> [apiv2][body] POST https://firebasedatabase.googleapis.com/v1beta/projects/e3dadyscoringsys/locations/us-central1/instances {"type":"default_database"}
[debug] [2023-06-23T21:08:45.694Z] <<< [apiv2][status] POST https://firebasedatabase.googleapis.com/v1beta/projects/e3dadyscoringsys/locations/us-central1/instances 200
[debug] [2023-06-23T21:08:45.695Z] <<< [apiv2][body] POST https://firebasedatabase.googleapis.com/v1beta/projects/e3dadyscoringsys/locations/us-central1/instances {"name":"projects/246068229191/locations/us-central1/instances/e3dadyscoringsys-default-rtdb","project":"projects/246068229191","databaseUrl":"https://e3dadyscoringsys-default-rtdb.firebaseio.com","type":"DEFAULT_DATABASE","state":"ACTIVE"}
[debug] [2023-06-23T21:08:45.696Z] >>> [apiv2][query] POST https://firebasedatabase.googleapis.com/v1beta/projects/e3dadyscoringsys/locations/us-central1/instances databaseId=e3dadyscoringsys-default-rtdb
[debug] [2023-06-23T21:08:45.696Z] >>> [apiv2][body] POST https://firebasedatabase.googleapis.com/v1beta/projects/e3dadyscoringsys/locations/us-central1/instances {"type":"default_database"}
[debug] [2023-06-23T21:08:46.918Z] <<< [apiv2][status] POST https://firebasedatabase.googleapis.com/v1beta/projects/e3dadyscoringsys/locations/us-central1/instances 200
[debug] [2023-06-23T21:08:46.918Z] <<< [apiv2][body] POST https://firebasedatabase.googleapis.com/v1beta/projects/e3dadyscoringsys/locations/us-central1/instances {"name":"projects/246068229191/locations/us-central1/instances/e3dadyscoringsys-default-rtdb","project":"projects/246068229191","databaseUrl":"https://e3dadyscoringsys-default-rtdb.firebaseio.com","type":"DEFAULT_DATABASE","state":"ACTIVE"}
[info] 
[info] Firebase Realtime Database Security Rules allow you to define how your data should be
[info] structured and when your data can be read from and written to.
[info] 
[debug] [2023-06-23T21:08:53.984Z] >>> [apiv2][query] GET https://e3dadyscoringsys-default-rtdb.firebaseio.com/.settings/rules.json [none]
[debug] [2023-06-23T21:08:55.003Z] <<< [apiv2][status] GET https://e3dadyscoringsys-default-rtdb.firebaseio.com/.settings/rules.json 200
[debug] [2023-06-23T21:08:55.003Z] <<< [apiv2][body] GET https://e3dadyscoringsys-default-rtdb.firebaseio.com/.settings/rules.json [stream]
[info] +  Database Rules for e3dadyscoringsys-default-rtdb have been written to database.rules.json. 
[info] Future modifications to database.rules.json will update Realtime Database Security Rules when you run
[info] firebase deploy.
[info] 
=== Hosting Setup
[info] 
[info] Your public directory is the folder (relative to your project directory) that
[info] will contain Hosting assets to be uploaded with firebase deploy. If you
[info] have a build process for your assets, use your build's output directory.
[info] 
[info] +  Wrote public/404.html 
[debug] [2023-06-23T21:09:34.781Z] >>> [apiv2][query] GET https://www.gstatic.com/firebasejs/releases.json [none]
[debug] [2023-06-23T21:09:36.061Z] <<< [apiv2][status] GET https://www.gstatic.com/firebasejs/releases.json 200
[debug] [2023-06-23T21:09:36.061Z] <<< [apiv2][body] GET https://www.gstatic.com/firebasejs/releases.json {"current":{"version":"9.23.0","browserURL":"https://www.gstatic.com/firebasejs/9.23.0/firebase.js","packageURL":"https://www.gstatic.com/firebasejs/9.23.0/firebase.tgz"},"live":{"version":"9.23","browserURL":"https://www.gstatic.com/firebasejs/live/9.23/firebase.js","packageURL":"https://www.gstatic.com/firebasejs/live/9.23/firebase.tgz"},"components":{"analytics":"https://www.gstatic.com/firebasejs/9.23.0/firebase-analytics.js","app":"https://www.gstatic.com/firebasejs/9.23.0/firebase-app.js","app-check":"https://www.gstatic.com/firebasejs/9.23.0/firebase-app-check.js","auth":"https://www.gstatic.com/firebasejs/9.23.0/firebase-auth.js","auth/cordova":"https://www.gstatic.com/firebasejs/9.23.0/firebase-auth/cordova.js","auth/react-native":"https://www.gstatic.com/firebasejs/9.23.0/firebase-auth/react-native.js","functions":"https://www.gstatic.com/firebasejs/9.23.0/firebase-functions.js","firestore":"https://www.gstatic.com/firebasejs/9.23.0/firebase-firestore.js","firestore/lite":"https://www.gstatic.com/firebasejs/9.23.0/firebase-firestore/lite.js","installations":"https://www.gstatic.com/firebasejs/9.23.0/firebase-installations.js","storage":"https://www.gstatic.com/firebasejs/9.23.0/firebase-storage.js","performance":"https://www.gstatic.com/firebasejs/9.23.0/firebase-performance.js","remote-config":"https://www.gstatic.com/firebasejs/9.23.0/firebase-remote-config.js","messaging":"https://www.gstatic.com/firebasejs/9.23.0/firebase-messaging.js","messaging/sw":"https://www.gstatic.com/firebasejs/9.23.0/firebase-messaging/sw.js","database":"https://www.gstatic.com/firebasejs/9.23.0/firebase-database.js","firestore.memory":"https://www.gstatic.com/firebasejs/9.23.0/firebase-firestore.memory.js"}}
[info] +  Wrote public/index.html 
[info] 
[info] i  Detected a .git folder at C:\AndrewMagdy\AngularProj\E3dadyScoringSys 
[info] i  Authorizing with GitHub to upload your service account to a GitHub repository's secrets store. 
[info] 
[info] Visit this URL on this device to log in:
[info] https://github.com/login/oauth/authorize?client_id=89cf50f02ac6aaed3484&state=748931141&redirect_uri=http%3A%2F%2Flocalhost%3A9005&scope=read%3Auser%20repo%20public_repo
[info] 
[info] Waiting for authentication...
[debug] [2023-06-23T21:09:44.692Z] >>> [apiv2][query] POST https://github.com/login/oauth/access_token [none]
[debug] [2023-06-23T21:09:44.692Z] >>> [apiv2][body] POST https://github.com/login/oauth/access_token [stream]
[debug] [2023-06-23T21:09:46.200Z] <<< [apiv2][status] POST https://github.com/login/oauth/access_token 200
[debug] [2023-06-23T21:09:46.201Z] <<< [apiv2][body] POST https://github.com/login/oauth/access_token {"access_token":"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","token_type":"bearer","scope":"read:user,repo"}
[debug] [2023-06-23T21:09:46.219Z] >>> [apiv2][query] GET https://api.github.com/user [none]
[debug] [2023-06-23T21:09:47.746Z] <<< [apiv2][status] GET https://api.github.com/user 200
[debug] [2023-06-23T21:09:47.746Z] <<< [apiv2][body] GET https://api.github.com/user {"login":"AndrewM01","id":83297072,"node_id":"MDQ6VXNlcjgzMjk3MDcy","avatar_url":"https://avatars.githubusercontent.com/u/83297072?v=4","gravatar_id":"","url":"https://api.github.com/users/AndrewM01","html_url":"https://github.com/AndrewM01","followers_url":"https://api.github.com/users/AndrewM01/followers","following_url":"https://api.github.com/users/AndrewM01/following{/other_user}","gists_url":"https://api.github.com/users/AndrewM01/gists{/gist_id}","starred_url":"https://api.github.com/users/AndrewM01/starred{/owner}{/repo}","subscriptions_url":"https://api.github.com/users/AndrewM01/subscriptions","organizations_url":"https://api.github.com/users/AndrewM01/orgs","repos_url":"https://api.github.com/users/AndrewM01/repos","events_url":"https://api.github.com/users/AndrewM01/events{/privacy}","received_events_url":"https://api.github.com/users/AndrewM01/received_events","type":"User","site_admin":false,"name":null,"company":null,"blog":"","location":null,"email":null,"hireable":null,"bio":null,"twitter_username":null,"public_repos":5,"public_gists":0,"followers":0,"following":0,"created_at":"2021-04-27T15:24:22Z","updated_at":"2023-06-20T20:20:36Z","private_gists":0,"total_private_repos":1,"owned_private_repos":1,"disk_usage":2100,"collaborators":2,"two_factor_authentication":false,"plan":{"name":"pro","space":976562499,"collaborators":0,"private_repos":9999}}
[info] 
[info] +  Success! Logged into GitHub as AndrewM01 
[info] 
